{
  "numFailedTestSuites": 0,
  "numFailedTests": 0,
  "numPassedTestSuites": 5,
  "numPassedTests": 11,
  "numPendingTestSuites": 0,
  "numPendingTests": 0,
  "numRuntimeErrorTestSuites": 0,
  "numTodoTests": 0,
  "numTotalTestSuites": 5,
  "numTotalTests": 11,
  "openHandles": [],
  "snapshot": {
    "added": 0,
    "didUpdate": false,
    "failure": false,
    "filesAdded": 0,
    "filesRemoved": 0,
    "filesRemovedList": [],
    "filesUnmatched": 0,
    "filesUpdated": 0,
    "matched": 0,
    "total": 0,
    "unchecked": 0,
    "uncheckedKeysByFile": [],
    "unmatched": 0,
    "updated": 0
  },
  "startTime": 1623307323934,
  "success": false,
  "testResults": [
    {
      "leaks": false,
      "numFailingTests": 0,
      "numPassingTests": 1,
      "numPendingTests": 0,
      "numTodoTests": 0,
      "openHandles": [],
      "perfStats": {
        "end": 1623307332751,
        "runtime": 7990,
        "slow": true,
        "start": 1623307324761
      },
      "skipped": false,
      "snapshot": {
        "added": 0,
        "fileDeleted": false,
        "matched": 0,
        "unchecked": 0,
        "uncheckedKeys": [],
        "unmatched": 0,
        "updated": 0
      },
      "testFilePath": "/Users/wangyuan/Desktop/hiker-coding/tests/leetcode/unionAndIntersect.spec.js",
      "testResults": [
        {
          "ancestorTitles": [
            "unionAndIntersect:两个有序整数数组，数组中可能会有重复数字，求两个数组的交集和并集，要求交集和并集中没有重复数字"
          ],
          "duration": 4,
          "failureDetails": [],
          "failureMessages": [],
          "fullName": "unionAndIntersect:两个有序整数数组，数组中可能会有重复数字，求两个数组的交集和并集，要求交集和并集中没有重复数字 unionAndIntersect:inputs is [[Array], [Array]],result should be [[Array], [Array]]",
          "invocations": 1,
          "location": null,
          "numPassingAsserts": 0,
          "status": "passed",
          "title": "unionAndIntersect:inputs is [[Array], [Array]],result should be [[Array], [Array]]"
        }
      ],
      "failureMessage": null
    },
    {
      "leaks": false,
      "numFailingTests": 0,
      "numPassingTests": 3,
      "numPendingTests": 0,
      "numTodoTests": 0,
      "openHandles": [],
      "perfStats": {
        "end": 1623307332888,
        "runtime": 8116,
        "slow": true,
        "start": 1623307324772
      },
      "skipped": false,
      "snapshot": {
        "added": 0,
        "fileDeleted": false,
        "matched": 0,
        "unchecked": 0,
        "uncheckedKeys": [],
        "unmatched": 0,
        "updated": 0
      },
      "testFilePath": "/Users/wangyuan/Desktop/hiker-coding/tests/leetcode/isHappy.spec.js",
      "testResults": [
        {
          "ancestorTitles": [
            "isHappy:编写一个算法来判断一个数 n 是不是快乐数。"
          ],
          "duration": 2,
          "failureDetails": [],
          "failureMessages": [],
          "fullName": "isHappy:编写一个算法来判断一个数 n 是不是快乐数。 isHappy:inputs is [11],result should be false",
          "invocations": 1,
          "location": null,
          "numPassingAsserts": 0,
          "status": "passed",
          "title": "isHappy:inputs is [11],result should be false"
        },
        {
          "ancestorTitles": [
            "isHappy:编写一个算法来判断一个数 n 是不是快乐数。"
          ],
          "duration": 0,
          "failureDetails": [],
          "failureMessages": [],
          "fullName": "isHappy:编写一个算法来判断一个数 n 是不是快乐数。 isHappy:inputs is [19],result should be true",
          "invocations": 1,
          "location": null,
          "numPassingAsserts": 0,
          "status": "passed",
          "title": "isHappy:inputs is [19],result should be true"
        },
        {
          "ancestorTitles": [
            "isHappy:编写一个算法来判断一个数 n 是不是快乐数。"
          ],
          "duration": 0,
          "failureDetails": [],
          "failureMessages": [],
          "fullName": "isHappy:编写一个算法来判断一个数 n 是不是快乐数。 isHappy:inputs is [2],result should be false",
          "invocations": 1,
          "location": null,
          "numPassingAsserts": 0,
          "status": "passed",
          "title": "isHappy:inputs is [2],result should be false"
        }
      ],
      "failureMessage": null
    },
    {
      "leaks": false,
      "numFailingTests": 0,
      "numPassingTests": 2,
      "numPendingTests": 0,
      "numTodoTests": 0,
      "openHandles": [],
      "perfStats": {
        "end": 1623307333047,
        "runtime": 8325,
        "slow": true,
        "start": 1623307324722
      },
      "skipped": false,
      "snapshot": {
        "added": 0,
        "fileDeleted": false,
        "matched": 0,
        "unchecked": 0,
        "uncheckedKeys": [],
        "unmatched": 0,
        "updated": 0
      },
      "testFilePath": "/Users/wangyuan/Desktop/hiker-coding/tests/leetcode/setZeroes.spec.js",
      "testResults": [
        {
          "ancestorTitles": [
            "setZeroes:若M × N矩阵中某个元素为0，则将其所在的行与列清零。"
          ],
          "duration": 3,
          "failureDetails": [],
          "failureMessages": [],
          "fullName": "setZeroes:若M × N矩阵中某个元素为0，则将其所在的行与列清零。 setZeroes:inputs is [[Array], [Array], [Array]],result should be [[Array], [Array], [Array]]",
          "invocations": 1,
          "location": null,
          "numPassingAsserts": 0,
          "status": "passed",
          "title": "setZeroes:inputs is [[Array], [Array], [Array]],result should be [[Array], [Array], [Array]]"
        },
        {
          "ancestorTitles": [
            "setZeroes:若M × N矩阵中某个元素为0，则将其所在的行与列清零。"
          ],
          "duration": 1,
          "failureDetails": [],
          "failureMessages": [],
          "fullName": "setZeroes:若M × N矩阵中某个元素为0，则将其所在的行与列清零。 setZeroes:inputs is [[Array], [Array], [Array]],result should be [[Array], [Array], [Array]]",
          "invocations": 1,
          "location": null,
          "numPassingAsserts": 0,
          "status": "passed",
          "title": "setZeroes:inputs is [[Array], [Array], [Array]],result should be [[Array], [Array], [Array]]"
        }
      ],
      "failureMessage": null
    },
    {
      "leaks": false,
      "numFailingTests": 0,
      "numPassingTests": 3,
      "numPendingTests": 0,
      "numTodoTests": 0,
      "openHandles": [],
      "perfStats": {
        "end": 1623307333321,
        "runtime": 336,
        "slow": false,
        "start": 1623307332985
      },
      "skipped": false,
      "snapshot": {
        "added": 0,
        "fileDeleted": false,
        "matched": 0,
        "unchecked": 0,
        "uncheckedKeys": [],
        "unmatched": 0,
        "updated": 0
      },
      "testFilePath": "/Users/wangyuan/Desktop/hiker-coding/tests/leetcode/isRotateEqual.spec.js",
      "testResults": [
        {
          "ancestorTitles": [
            "isRotateEqual:算法：给你一个纯数字字符串，判断旋转180度之后是否和自己相等"
          ],
          "duration": 1,
          "failureDetails": [],
          "failureMessages": [],
          "fullName": "isRotateEqual:算法：给你一个纯数字字符串，判断旋转180度之后是否和自己相等 isRotateEqual:inputs is [\"121\"],result should be false",
          "invocations": 1,
          "location": null,
          "numPassingAsserts": 0,
          "status": "passed",
          "title": "isRotateEqual:inputs is [\"121\"],result should be false"
        },
        {
          "ancestorTitles": [
            "isRotateEqual:算法：给你一个纯数字字符串，判断旋转180度之后是否和自己相等"
          ],
          "duration": 0,
          "failureDetails": [],
          "failureMessages": [],
          "fullName": "isRotateEqual:算法：给你一个纯数字字符串，判断旋转180度之后是否和自己相等 isRotateEqual:inputs is [\"1691\"],result should be true",
          "invocations": 1,
          "location": null,
          "numPassingAsserts": 0,
          "status": "passed",
          "title": "isRotateEqual:inputs is [\"1691\"],result should be true"
        },
        {
          "ancestorTitles": [
            "isRotateEqual:算法：给你一个纯数字字符串，判断旋转180度之后是否和自己相等"
          ],
          "duration": 1,
          "failureDetails": [],
          "failureMessages": [],
          "fullName": "isRotateEqual:算法：给你一个纯数字字符串，判断旋转180度之后是否和自己相等 isRotateEqual:inputs is [\"1991\"],result should be false",
          "invocations": 1,
          "location": null,
          "numPassingAsserts": 0,
          "status": "passed",
          "title": "isRotateEqual:inputs is [\"1991\"],result should be false"
        }
      ],
      "failureMessage": null
    },
    {
      "leaks": false,
      "numFailingTests": 0,
      "numPassingTests": 2,
      "numPendingTests": 0,
      "numTodoTests": 0,
      "openHandles": [],
      "perfStats": {
        "end": 1623307333370,
        "runtime": 590,
        "slow": false,
        "start": 1623307332780
      },
      "skipped": false,
      "snapshot": {
        "added": 0,
        "fileDeleted": false,
        "matched": 0,
        "unchecked": 0,
        "uncheckedKeys": [],
        "unmatched": 0,
        "updated": 0
      },
      "testFilePath": "/Users/wangyuan/Desktop/hiker-coding/tests/hooks/useDeepCompareEffect.spec.js",
      "testResults": [
        {
          "ancestorTitles": [
            "useDeepCompareEffect:react对对象进行深比较"
          ],
          "duration": 89,
          "failureDetails": [],
          "failureMessages": [],
          "fullName": "useDeepCompareEffect:react对对象进行深比较 should run provided object once",
          "invocations": 1,
          "location": null,
          "numPassingAsserts": 0,
          "status": "passed",
          "title": "should run provided object once"
        },
        {
          "ancestorTitles": [
            "useDeepCompareEffect:react对对象进行深比较"
          ],
          "duration": 1,
          "failureDetails": [],
          "failureMessages": [],
          "fullName": "useDeepCompareEffect:react对对象进行深比较 should run clean-up provided on unmount",
          "invocations": 1,
          "location": null,
          "numPassingAsserts": 0,
          "status": "passed",
          "title": "should run clean-up provided on unmount"
        }
      ],
      "failureMessage": null
    }
  ],
  "wasInterrupted": false
}