<?xml version="1.0" encoding="UTF-8"?>
<coverage generated="1623219804663" clover="3.2.0">
  <project timestamp="1623219804663" name="All files">
    <metrics statements="25" coveredstatements="24" conditionals="14" coveredconditionals="13" methods="2" coveredmethods="2" elements="41" coveredelements="39" complexity="0" loc="25" ncloc="25" packages="1" files="2" classes="2"/>
    <file name="isRotateEqual.js" path="/Users/wangyuan/Desktop/hiker-coding/src/isRotateEqual.js">
      <metrics statements="7" coveredstatements="7" conditionals="4" coveredconditionals="4" methods="1" coveredmethods="1"/>
      <line num="5" count="1" type="stmt"/>
      <line num="6" count="3" type="stmt"/>
      <line num="12" count="3" type="stmt"/>
      <line num="13" count="8" type="cond" truecount="4" falsecount="0"/>
      <line num="14" count="2" type="stmt"/>
      <line num="17" count="1" type="stmt"/>
      <line num="20" count="1" type="stmt"/>
    </file>
    <file name="unionAndIntersect.js" path="/Users/wangyuan/Desktop/hiker-coding/src/unionAndIntersect.js">
      <metrics statements="18" coveredstatements="17" conditionals="10" coveredconditionals="9" methods="1" coveredmethods="1"/>
      <line num="7" count="1" type="stmt"/>
      <line num="8" count="1" type="stmt"/>
      <line num="9" count="1" type="stmt"/>
      <line num="10" count="1" type="stmt"/>
      <line num="11" count="1" type="stmt"/>
      <line num="12" count="1" type="cond" truecount="2" falsecount="0"/>
      <line num="13" count="3" type="stmt"/>
      <line num="14" count="3" type="stmt"/>
      <line num="15" count="3" type="cond" truecount="2" falsecount="0"/>
      <line num="16" count="2" type="cond" truecount="4" falsecount="0"/>
      <line num="17" count="1" type="stmt"/>
      <line num="19" count="2" type="stmt"/>
      <line num="20" count="2" type="stmt"/>
      <line num="21" count="1" type="cond" truecount="1" falsecount="1"/>
      <line num="22" count="0" type="stmt"/>
      <line num="24" count="1" type="stmt"/>
      <line num="27" count="1" type="stmt"/>
      <line num="30" count="1" type="stmt"/>
    </file>
  </project>
</coverage>
