{"/Users/wangyuan/Desktop/hiker-coding/src/hooks/useDeepCompareEffect.js": {"path":"/Users/wangyuan/Desktop/hiker-coding/src/hooks/useDeepCompareEffect.js","statementMap":{"0":{"start":{"line":6,"column":0},"end":{"line":6,"column":42}},"1":{"start":{"line":7,"column":17},"end":{"line":9,"column":1}},"2":{"start":{"line":8,"column":4},"end":{"line":8,"column":51}},"3":{"start":{"line":10,"column":20},"end":{"line":25,"column":1}},"4":{"start":{"line":11,"column":4},"end":{"line":11,"column":65}},"5":{"start":{"line":11,"column":44},"end":{"line":11,"column":65}},"6":{"start":{"line":12,"column":4},"end":{"line":12,"column":35}},"7":{"start":{"line":12,"column":23},"end":{"line":12,"column":35}},"8":{"start":{"line":13,"column":16},"end":{"line":13,"column":33}},"9":{"start":{"line":14,"column":16},"end":{"line":14,"column":33}},"10":{"start":{"line":15,"column":4},"end":{"line":17,"column":null}},"11":{"start":{"line":16,"column":8},"end":{"line":16,"column":21}},"12":{"start":{"line":18,"column":4},"end":{"line":23,"column":null}},"13":{"start":{"line":19,"column":20},"end":{"line":19,"column":53}},"14":{"start":{"line":20,"column":8},"end":{"line":22,"column":null}},"15":{"start":{"line":21,"column":12},"end":{"line":21,"column":25}},"16":{"start":{"line":24,"column":4},"end":{"line":24,"column":16}},"17":{"start":{"line":27,"column":29},"end":{"line":33,"column":1}},"18":{"start":{"line":28,"column":16},"end":{"line":28,"column":33}},"19":{"start":{"line":29,"column":4},"end":{"line":31,"column":null}},"20":{"start":{"line":30,"column":8},"end":{"line":30,"column":27}},"21":{"start":{"line":32,"column":4},"end":{"line":32,"column":35}},"22":{"start":{"line":35,"column":0},"end":{"line":35,"column":36}}},"fnMap":{"0":{"name":"(anonymous_0)","decl":{"start":{"line":7,"column":17},"end":{"line":7,"column":18}},"loc":{"start":{"line":7,"column":21},"end":{"line":9,"column":1}}},"1":{"name":"(anonymous_1)","decl":{"start":{"line":10,"column":20},"end":{"line":10,"column":21}},"loc":{"start":{"line":10,"column":31},"end":{"line":25,"column":1}}},"2":{"name":"(anonymous_2)","decl":{"start":{"line":27,"column":29},"end":{"line":27,"column":30}},"loc":{"start":{"line":27,"column":42},"end":{"line":33,"column":1}}}},"branchMap":{"0":{"loc":{"start":{"line":8,"column":11},"end":{"line":8,"column":34}},"type":"binary-expr","locations":[{"start":{"line":8,"column":11},"end":{"line":8,"column":34}},{"start":{"line":8,"column":38},"end":{"line":8,"column":50}}]},"1":{"loc":{"start":{"line":11,"column":4},"end":{"line":11,"column":65}},"type":"if","locations":[{"start":{"line":11,"column":4},"end":{"line":11,"column":65}},{"start":{"line":11,"column":4},"end":{"line":11,"column":65}}]},"2":{"loc":{"start":{"line":11,"column":8},"end":{"line":11,"column":23}},"type":"binary-expr","locations":[{"start":{"line":11,"column":8},"end":{"line":11,"column":23}},{"start":{"line":11,"column":27},"end":{"line":11,"column":42}}]},"3":{"loc":{"start":{"line":12,"column":4},"end":{"line":12,"column":35}},"type":"if","locations":[{"start":{"line":12,"column":4},"end":{"line":12,"column":35}},{"start":{"line":12,"column":4},"end":{"line":12,"column":35}}]},"4":{"loc":{"start":{"line":15,"column":4},"end":{"line":17,"column":null}},"type":"if","locations":[{"start":{"line":15,"column":4},"end":{"line":17,"column":null}},{"start":{"line":15,"column":4},"end":{"line":17,"column":null}}]},"5":{"loc":{"start":{"line":20,"column":8},"end":{"line":22,"column":null}},"type":"if","locations":[{"start":{"line":20,"column":8},"end":{"line":22,"column":null}},{"start":{"line":20,"column":8},"end":{"line":22,"column":null}}]},"6":{"loc":{"start":{"line":29,"column":4},"end":{"line":31,"column":null}},"type":"if","locations":[{"start":{"line":29,"column":4},"end":{"line":31,"column":null}},{"start":{"line":29,"column":4},"end":{"line":31,"column":null}}]},"7":{"loc":{"start":{"line":29,"column":8},"end":{"line":29,"column":20}},"type":"binary-expr","locations":[{"start":{"line":29,"column":8},"end":{"line":29,"column":20}},{"start":{"line":29,"column":24},"end":{"line":29,"column":55}}]}},"s":{"0":1,"1":1,"2":10,"3":1,"4":6,"5":2,"6":4,"7":0,"8":4,"9":4,"10":4,"11":0,"12":4,"13":4,"14":4,"15":0,"16":4,"17":1,"18":4,"19":4,"20":2,"21":4,"22":1},"f":{"0":10,"1":6,"2":4},"b":{"0":[10,8],"1":[2,4],"2":[6,4],"3":[0,4],"4":[0,4],"5":[0,4],"6":[2,2],"7":[4,2]}}
}
