TN:
SF:src/leetcode/LinkedList/design-linked-list.js
FN:10,(anonymous_0)
FN:19,(anonymous_1)
FN:33,(anonymous_2)
FN:45,(anonymous_3)
FN:60,(anonymous_4)
FN:78,(anonymous_5)
FNF:6
FNH:6
FNDA:1,(anonymous_0)
FNDA:2,(anonymous_1)
FNDA:1,(anonymous_2)
FNDA:1,(anonymous_3)
FNDA:1,(anonymous_4)
FNDA:1,(anonymous_5)
DA:10,1
DA:11,1
DA:19,1
DA:20,2
DA:21,2
DA:22,2
DA:23,2
DA:25,2
DA:33,1
DA:34,1
DA:45,1
DA:46,1
DA:47,1
DA:48,1
DA:49,0
DA:51,1
DA:60,1
DA:61,1
DA:62,1
DA:63,1
DA:64,1
DA:65,0
DA:66,0
DA:68,1
DA:69,1
DA:70,1
DA:78,1
DA:79,1
DA:80,1
DA:81,1
DA:82,1
DA:83,1
DA:84,1
DA:85,1
DA:86,1
DA:88,1
DA:89,1
DA:102,1
LF:38
LH:35
BRDA:22,0,0,0
BRDA:22,0,1,2
BRDA:25,1,0,2
BRDA:25,1,1,0
BRDA:47,2,0,0
BRDA:47,2,1,1
BRDA:61,3,0,0
BRDA:61,3,1,1
BRDA:64,4,0,1
BRDA:64,4,1,0
BRDA:68,5,0,0
BRDA:68,5,1,1
BRDA:81,6,0,0
BRDA:81,6,1,1
BRDA:82,7,0,0
BRDA:82,7,1,1
BRDA:83,8,0,2
BRDA:83,8,1,1
BRDA:88,9,0,0
BRDA:88,9,1,1
BRF:20
BRH:11
end_of_record
TN:
SF:utils/generatorBinaryTree.js
FN:6,defaultTreeNode
FN:13,(anonymous_1)
FNF:2
FNH:0
FNDA:0,defaultTreeNode
FNDA:0,(anonymous_1)
DA:7,0
DA:8,0
DA:9,0
DA:13,1
DA:15,0
DA:16,0
DA:17,0
DA:18,0
DA:19,0
DA:20,0
DA:21,0
DA:22,0
DA:23,0
DA:24,0
DA:25,0
DA:26,0
DA:27,0
DA:29,0
DA:30,0
DA:31,0
DA:32,0
DA:34,0
DA:36,0
DA:39,1
LF:24
LH:2
BRDA:7,0,0,0
BRDA:7,0,1,0
BRDA:8,1,0,0
BRDA:8,1,1,0
BRDA:9,2,0,0
BRDA:9,2,1,0
BRDA:15,3,0,0
BRDA:15,3,1,0
BRDA:16,4,0,0
BRDA:16,4,1,0
BRDA:24,5,0,0
BRDA:24,5,1,0
BRDA:29,6,0,0
BRDA:29,6,1,0
BRF:14
BRH:0
end_of_record
TN:
SF:utils/generatorSinglyLinkedList.js
FN:1,ListNode
FN:14,(anonymous_1)
FNF:2
FNH:2
FNDA:12,ListNode
FNDA:5,(anonymous_1)
DA:2,12
DA:3,12
DA:14,1
DA:15,5
DA:16,4
DA:17,4
DA:18,4
DA:19,8
DA:20,8
DA:21,8
DA:23,4
DA:26,1
LF:12
LH:12
BRDA:2,0,0,4
BRDA:2,0,1,8
BRDA:3,1,0,12
BRDA:3,1,1,0
BRDA:15,2,0,1
BRDA:15,2,1,4
BRF:6
BRH:5
end_of_record
TN:
SF:utils/index.js
FNF:0
FNH:0
DA:1,1
DA:2,1
DA:3,1
LF:3
LH:3
BRF:0
BRH:0
end_of_record
