TN:
SF:src/polyfil/JSON-string-parse.js
FN:6,(anonymous_0)
FN:29,(anonymous_1)
FNF:2
FNH:2
FNDA:3,(anonymous_0)
FNDA:3,(anonymous_1)
DA:6,1
DA:7,3
DA:8,3
DA:9,0
DA:10,0
DA:12,0
DA:14,3
DA:15,3
DA:16,3
DA:17,5
DA:18,5
DA:19,5
DA:20,1
DA:21,4
DA:22,0
DA:24,5
DA:26,3
DA:29,1
DA:30,3
DA:32,1
LF:20
LH:16
BRDA:8,0,0,0
BRDA:8,0,1,3
BRDA:8,1,0,3
BRDA:8,1,1,3
BRDA:9,2,0,0
BRDA:9,2,1,0
BRDA:15,3,0,3
BRDA:15,3,1,3
BRDA:19,4,0,1
BRDA:19,4,1,4
BRDA:21,5,0,0
BRDA:21,5,1,4
BRDA:24,6,0,3
BRDA:24,6,1,2
BRDA:26,7,0,1
BRDA:26,7,1,2
BRDA:26,8,0,1
BRDA:26,8,1,2
BRF:18
BRH:14
end_of_record
